<?xml version="1.0" encoding="utf-8"?><testsuite errors="2" failures="0" name="pytest" skips="0" tests="2" time="0.807"><testcase classname="" file="Test_Cases/test_bid.py" name="Test_Cases.test_bid" time="0"><error message="collection failure">import file mismatch:
imported module &apos;Web_AutoTest_05_pytest01.Test_Cases.test_bid&apos; has this __file__ attribute:
  C:\D\PycharmProjects\Review\python_base\Web_AutoTest_05_pytest\Test_Cases\test_bid.py
which is not the same as the test file we want to collect:
  C:\D\PycharmProjects\Review\python_base\test_web\Web_AutoTest_05_pytest01\Test_Cases\test_bid.py
HINT: remove __pycache__ / .pyc files and/or use a unique basename for your test file modules</error></testcase><testcase classname="" file="Test_Cases/test_login.py" name="Test_Cases.test_login" time="0"><error message="collection failure">import file mismatch:
imported module &apos;Web_AutoTest_05_pytest01.Test_Cases.test_login&apos; has this __file__ attribute:
  C:\D\PycharmProjects\Review\python_base\Web_AutoTest_05_pytest\Test_Cases\test_login.py
which is not the same as the test file we want to collect:
  C:\D\PycharmProjects\Review\python_base\test_web\Web_AutoTest_05_pytest01\Test_Cases\test_login.py
HINT: remove __pycache__ / .pyc files and/or use a unique basename for your test file modules</error></testcase></testsuite>